{"D:\\SWdevelop\\workspace\\Project_Workspace\\OenDIHackathon\\openmesh-consensus\\backend\\auth-service\\config\\allowedOrigins.ts": {"path":"D:\\SWdevelop\\workspace\\Project_Workspace\\OenDIHackathon\\openmesh-consensus\\backend\\auth-service\\config\\allowedOrigins.ts","statementMap":{"0":{"start":{"line":1,"column":23},"end":{"line":6,"column":2}},"1":{"start":{"line":8,"column":9},"end":{"line":8,"column":23}}},"fnMap":{},"branchMap":{},"s":{"0":7,"1":7},"f":{},"b":{}}
,"D:\\SWdevelop\\workspace\\Project_Workspace\\OenDIHackathon\\openmesh-consensus\\backend\\auth-service\\config\\cors-options.ts": {"path":"D:\\SWdevelop\\workspace\\Project_Workspace\\OenDIHackathon\\openmesh-consensus\\backend\\auth-service\\config\\cors-options.ts","statementMap":{"0":{"start":{"line":2,"column":0},"end":{"line":2,"column":50}},"1":{"start":{"line":5,"column":33},"end":{"line":15,"column":2}},"2":{"start":{"line":7,"column":4},"end":{"line":12,"column":5}},"3":{"start":{"line":8,"column":6},"end":{"line":8,"column":27}},"4":{"start":{"line":11,"column":6},"end":{"line":11,"column":49}},"5":{"start":{"line":17,"column":9},"end":{"line":17,"column":20}}},"fnMap":{"0":{"name":"(anonymous_0)","decl":{"start":{"line":6,"column":10},"end":{"line":6,"column":11}},"loc":{"start":{"line":6,"column":61},"end":{"line":13,"column":3}}}},"branchMap":{"0":{"loc":{"start":{"line":7,"column":4},"end":{"line":12,"column":5}},"type":"if","locations":[{"start":{"line":7,"column":4},"end":{"line":12,"column":5}},{"start":{"line":10,"column":11},"end":{"line":12,"column":5}}]},"1":{"loc":{"start":{"line":7,"column":8},"end":{"line":7,"column":66}},"type":"binary-expr","locations":[{"start":{"line":7,"column":8},"end":{"line":7,"column":15}},{"start":{"line":7,"column":19},"end":{"line":7,"column":55}},{"start":{"line":7,"column":59},"end":{"line":7,"column":66}}]}},"s":{"0":7,"1":7,"2":77,"3":77,"4":0,"5":7},"f":{"0":77},"b":{"0":[77,0],"1":[77,0,0]}}
,"D:\\SWdevelop\\workspace\\Project_Workspace\\OenDIHackathon\\openmesh-consensus\\backend\\auth-service\\src\\app.ts": {"path":"D:\\SWdevelop\\workspace\\Project_Workspace\\OenDIHackathon\\openmesh-consensus\\backend\\auth-service\\src\\app.ts","statementMap":{"0":{"start":{"line":1,"column":0},"end":{"line":1,"column":30}},"1":{"start":{"line":2,"column":0},"end":{"line":2,"column":24}},"2":{"start":{"line":3,"column":0},"end":{"line":3,"column":49}},"3":{"start":{"line":4,"column":0},"end":{"line":4,"column":53}},"4":{"start":{"line":5,"column":0},"end":{"line":5,"column":41}},"5":{"start":{"line":6,"column":0},"end":{"line":6,"column":55}},"6":{"start":{"line":8,"column":0},"end":{"line":8,"column":57}},"7":{"start":{"line":9,"column":0},"end":{"line":9,"column":59}},"8":{"start":{"line":10,"column":0},"end":{"line":10,"column":75}},"9":{"start":{"line":12,"column":12},"end":{"line":12,"column":21}},"10":{"start":{"line":33,"column":9},"end":{"line":33,"column":12}},"11":{"start":{"line":15,"column":0},"end":{"line":15,"column":16}},"12":{"start":{"line":17,"column":0},"end":{"line":17,"column":21}},"13":{"start":{"line":18,"column":0},"end":{"line":18,"column":27}},"14":{"start":{"line":20,"column":0},"end":{"line":20,"column":49}},"15":{"start":{"line":21,"column":0},"end":{"line":21,"column":24}},"16":{"start":{"line":22,"column":0},"end":{"line":22,"column":24}},"17":{"start":{"line":24,"column":0},"end":{"line":24,"column":64}},"18":{"start":{"line":26,"column":0},"end":{"line":29,"column":3}},"19":{"start":{"line":27,"column":18},"end":{"line":27,"column":68}},"20":{"start":{"line":28,"column":2},"end":{"line":28,"column":35}},"21":{"start":{"line":31,"column":0},"end":{"line":31,"column":22}}},"fnMap":{"0":{"name":"(anonymous_1)","decl":{"start":{"line":26,"column":13},"end":{"line":26,"column":16}},"loc":{"start":{"line":26,"column":18},"end":{"line":29,"column":1}}}},"branchMap":{},"s":{"0":7,"1":7,"2":7,"3":7,"4":7,"5":7,"6":7,"7":7,"8":7,"9":7,"10":7,"11":7,"12":7,"13":7,"14":7,"15":7,"16":7,"17":7,"18":7,"19":0,"20":0,"21":7},"f":{"0":0},"b":{}}
,"D:\\SWdevelop\\workspace\\Project_Workspace\\OenDIHackathon\\openmesh-consensus\\backend\\auth-service\\src\\controllers\\generate-otp-controller.ts": {"path":"D:\\SWdevelop\\workspace\\Project_Workspace\\OenDIHackathon\\openmesh-consensus\\backend\\auth-service\\src\\controllers\\generate-otp-controller.ts","statementMap":{"0":{"start":{"line":2,"column":0},"end":{"line":2,"column":49}},"1":{"start":{"line":3,"column":0},"end":{"line":3,"column":23}},"2":{"start":{"line":4,"column":0},"end":{"line":4,"column":48}},"3":{"start":{"line":5,"column":0},"end":{"line":5,"column":61}},"4":{"start":{"line":6,"column":0},"end":{"line":6,"column":53}},"5":{"start":{"line":7,"column":0},"end":{"line":7,"column":58}},"6":{"start":{"line":8,"column":0},"end":{"line":8,"column":62}},"7":{"start":{"line":9,"column":0},"end":{"line":9,"column":76}},"8":{"start":{"line":10,"column":0},"end":{"line":10,"column":57}},"9":{"start":{"line":12,"column":27},"end":{"line":99,"column":2}},"10":{"start":{"line":12,"column":78},"end":{"line":99,"column":2}},"11":{"start":{"line":14,"column":32},"end":{"line":14,"column":59}},"12":{"start":{"line":16,"column":29},"end":{"line":16,"column":69}},"13":{"start":{"line":18,"column":2},"end":{"line":27,"column":3}},"14":{"start":{"line":19,"column":4},"end":{"line":24,"column":6}},"15":{"start":{"line":26,"column":4},"end":{"line":26,"column":70}},"16":{"start":{"line":29,"column":18},"end":{"line":29,"column":41}},"17":{"start":{"line":32,"column":23},"end":{"line":32,"column":74}},"18":{"start":{"line":33,"column":2},"end":{"line":41,"column":3}},"19":{"start":{"line":34,"column":23},"end":{"line":34,"column":36}},"20":{"start":{"line":35,"column":20},"end":{"line":35,"column":59}},"21":{"start":{"line":36,"column":4},"end":{"line":39,"column":6}},"22":{"start":{"line":40,"column":4},"end":{"line":40,"column":39}},"23":{"start":{"line":44,"column":14},"end":{"line":44,"column":68}},"24":{"start":{"line":45,"column":2},"end":{"line":45,"column":19}},"25":{"start":{"line":46,"column":22},"end":{"line":51,"column":4}},"26":{"start":{"line":53,"column":19},"end":{"line":53,"column":39}},"27":{"start":{"line":55,"column":4},"end":{"line":55,"column":57}},"28":{"start":{"line":56,"column":2},"end":{"line":56,"column":58}},"29":{"start":{"line":57,"column":24},"end":{"line":57,"column":52}},"30":{"start":{"line":58,"column":20},"end":{"line":58,"column":61}},"31":{"start":{"line":61,"column":2},"end":{"line":65,"column":4}},"32":{"start":{"line":66,"column":2},"end":{"line":70,"column":4}},"33":{"start":{"line":73,"column":2},"end":{"line":93,"column":5}},"34":{"start":{"line":74,"column":4},"end":{"line":92,"column":5}},"35":{"start":{"line":75,"column":6},"end":{"line":80,"column":8}},"36":{"start":{"line":81,"column":6},"end":{"line":81,"column":57}},"37":{"start":{"line":83,"column":6},"end":{"line":88,"column":8}},"38":{"start":{"line":89,"column":6},"end":{"line":91,"column":9}},"39":{"start":{"line":95,"column":2},"end":{"line":98,"column":5}},"40":{"start":{"line":101,"column":9},"end":{"line":101,"column":27}}},"fnMap":{"0":{"name":"(anonymous_8)","decl":{"start":{"line":12,"column":40},"end":{"line":12,"column":47}},"loc":{"start":{"line":12,"column":78},"end":{"line":99,"column":2}}},"1":{"name":"(anonymous_9)","decl":{"start":{"line":12,"column":78},"end":{"line":12,"column":null}},"loc":{"start":{"line":12,"column":78},"end":{"line":99,"column":1}}},"2":{"name":"(anonymous_10)","decl":{"start":{"line":73,"column":46},"end":{"line":73,"column":47}},"loc":{"start":{"line":73,"column":62},"end":{"line":93,"column":3}}}},"branchMap":{"0":{"loc":{"start":{"line":18,"column":2},"end":{"line":27,"column":3}},"type":"if","locations":[{"start":{"line":18,"column":2},"end":{"line":27,"column":3}}]},"1":{"loc":{"start":{"line":33,"column":2},"end":{"line":41,"column":3}},"type":"if","locations":[{"start":{"line":33,"column":2},"end":{"line":41,"column":3}}]},"2":{"loc":{"start":{"line":74,"column":4},"end":{"line":92,"column":5}},"type":"if","locations":[{"start":{"line":74,"column":4},"end":{"line":92,"column":5}},{"start":{"line":82,"column":11},"end":{"line":92,"column":5}}]}},"s":{"0":7,"1":7,"2":7,"3":7,"4":7,"5":7,"6":7,"7":7,"8":7,"9":7,"10":9,"11":9,"12":9,"13":9,"14":4,"15":4,"16":5,"17":5,"18":5,"19":1,"20":1,"21":1,"22":1,"23":4,"24":4,"25":4,"26":4,"27":4,"28":4,"29":4,"30":4,"31":4,"32":4,"33":4,"34":0,"35":0,"36":0,"37":0,"38":0,"39":4,"40":7},"f":{"0":9,"1":9,"2":0},"b":{"0":[4],"1":[1],"2":[0,0]}}
,"D:\\SWdevelop\\workspace\\Project_Workspace\\OenDIHackathon\\openmesh-consensus\\backend\\auth-service\\src\\controllers\\login-user-controller.ts": {"path":"D:\\SWdevelop\\workspace\\Project_Workspace\\OenDIHackathon\\openmesh-consensus\\backend\\auth-service\\src\\controllers\\login-user-controller.ts","statementMap":{"0":{"start":{"line":2,"column":0},"end":{"line":2,"column":49}},"1":{"start":{"line":3,"column":0},"end":{"line":3,"column":31}},"2":{"start":{"line":4,"column":0},"end":{"line":4,"column":23}},"3":{"start":{"line":6,"column":0},"end":{"line":6,"column":null}},"4":{"start":{"line":10,"column":0},"end":{"line":10,"column":62}},"5":{"start":{"line":11,"column":0},"end":{"line":11,"column":76}},"6":{"start":{"line":12,"column":0},"end":{"line":12,"column":68}},"7":{"start":{"line":13,"column":0},"end":{"line":13,"column":48}},"8":{"start":{"line":14,"column":0},"end":{"line":14,"column":53}},"9":{"start":{"line":15,"column":0},"end":{"line":15,"column":57}},"10":{"start":{"line":17,"column":25},"end":{"line":119,"column":2}},"11":{"start":{"line":17,"column":76},"end":{"line":119,"column":2}},"12":{"start":{"line":19,"column":31},"end":{"line":19,"column":73}},"13":{"start":{"line":21,"column":2},"end":{"line":29,"column":3}},"14":{"start":{"line":22,"column":4},"end":{"line":27,"column":6}},"15":{"start":{"line":28,"column":4},"end":{"line":28,"column":72}},"16":{"start":{"line":31,"column":27},"end":{"line":31,"column":52}},"17":{"start":{"line":34,"column":23},"end":{"line":35,"column":null}},"18":{"start":{"line":38,"column":2},"end":{"line":46,"column":3}},"19":{"start":{"line":39,"column":23},"end":{"line":39,"column":34}},"20":{"start":{"line":40,"column":20},"end":{"line":40,"column":59}},"21":{"start":{"line":41,"column":4},"end":{"line":44,"column":6}},"22":{"start":{"line":45,"column":4},"end":{"line":45,"column":39}},"23":{"start":{"line":49,"column":24},"end":{"line":51,"column":null}},"24":{"start":{"line":54,"column":2},"end":{"line":62,"column":3}},"25":{"start":{"line":55,"column":23},"end":{"line":55,"column":34}},"26":{"start":{"line":56,"column":20},"end":{"line":56,"column":39}},"27":{"start":{"line":57,"column":4},"end":{"line":60,"column":6}},"28":{"start":{"line":61,"column":4},"end":{"line":61,"column":35}},"29":{"start":{"line":64,"column":20},"end":{"line":64,"column":57}},"30":{"start":{"line":67,"column":22},"end":{"line":80,"column":null}},"31":{"start":{"line":84,"column":23},"end":{"line":97,"column":null}},"32":{"start":{"line":100,"column":2},"end":{"line":104,"column":4}},"33":{"start":{"line":106,"column":2},"end":{"line":112,"column":5}},"34":{"start":{"line":114,"column":55},"end":{"line":116,"column":4}},"35":{"start":{"line":118,"column":2},"end":{"line":118,"column":50}},"36":{"start":{"line":121,"column":9},"end":{"line":121,"column":25}}},"fnMap":{"0":{"name":"(anonymous_8)","decl":{"start":{"line":17,"column":38},"end":{"line":17,"column":45}},"loc":{"start":{"line":17,"column":76},"end":{"line":119,"column":2}}},"1":{"name":"(anonymous_9)","decl":{"start":{"line":17,"column":76},"end":{"line":17,"column":null}},"loc":{"start":{"line":17,"column":76},"end":{"line":119,"column":1}}}},"branchMap":{"0":{"loc":{"start":{"line":21,"column":2},"end":{"line":29,"column":3}},"type":"if","locations":[{"start":{"line":21,"column":2},"end":{"line":29,"column":3}}]},"1":{"loc":{"start":{"line":38,"column":2},"end":{"line":46,"column":3}},"type":"if","locations":[{"start":{"line":38,"column":2},"end":{"line":46,"column":3}}]},"2":{"loc":{"start":{"line":54,"column":2},"end":{"line":62,"column":3}},"type":"if","locations":[{"start":{"line":54,"column":2},"end":{"line":62,"column":3}}]},"3":{"loc":{"start":{"line":77,"column":4},"end":{"line":79,"column":16}},"type":"cond-expr","locations":[{"start":{"line":78,"column":8},"end":{"line":78,"column":39}},{"start":{"line":79,"column":8},"end":{"line":79,"column":16}}]},"4":{"loc":{"start":{"line":94,"column":4},"end":{"line":96,"column":16}},"type":"cond-expr","locations":[{"start":{"line":95,"column":8},"end":{"line":95,"column":40}},{"start":{"line":96,"column":8},"end":{"line":96,"column":16}}]},"5":{"loc":{"start":{"line":110,"column":6},"end":{"line":110,"column":78}},"type":"binary-expr","locations":[{"start":{"line":110,"column":6},"end":{"line":110,"column":43}},{"start":{"line":110,"column":47},"end":{"line":110,"column":78}}]}},"s":{"0":7,"1":7,"2":7,"3":7,"4":7,"5":7,"6":7,"7":7,"8":7,"9":7,"10":7,"11":22,"12":22,"13":22,"14":19,"15":19,"16":3,"17":3,"18":3,"19":1,"20":1,"21":1,"22":1,"23":2,"24":2,"25":1,"26":1,"27":1,"28":1,"29":1,"30":1,"31":1,"32":1,"33":1,"34":1,"35":1,"36":7},"f":{"0":22,"1":22},"b":{"0":[19],"1":[1],"2":[1],"3":[1,0],"4":[1,0],"5":[1,1]}}
,"D:\\SWdevelop\\workspace\\Project_Workspace\\OenDIHackathon\\openmesh-consensus\\backend\\auth-service\\src\\controllers\\logout-user-controller.ts": {"path":"D:\\SWdevelop\\workspace\\Project_Workspace\\OenDIHackathon\\openmesh-consensus\\backend\\auth-service\\src\\controllers\\logout-user-controller.ts","statementMap":{"0":{"start":{"line":2,"column":0},"end":{"line":2,"column":49}},"1":{"start":{"line":3,"column":0},"end":{"line":3,"column":48}},"2":{"start":{"line":4,"column":0},"end":{"line":4,"column":23}},"3":{"start":{"line":5,"column":0},"end":{"line":5,"column":58}},"4":{"start":{"line":7,"column":22},"end":{"line":38,"column":2}},"5":{"start":{"line":7,"column":73},"end":{"line":38,"column":2}},"6":{"start":{"line":8,"column":18},"end":{"line":8,"column":29}},"7":{"start":{"line":10,"column":2},"end":{"line":12,"column":3}},"8":{"start":{"line":11,"column":4},"end":{"line":11,"column":52}},"9":{"start":{"line":14,"column":27},"end":{"line":14,"column":38}},"10":{"start":{"line":17,"column":20},"end":{"line":17,"column":77}},"11":{"start":{"line":18,"column":2},"end":{"line":20,"column":3}},"12":{"start":{"line":19,"column":4},"end":{"line":19,"column":46}},"13":{"start":{"line":23,"column":24},"end":{"line":24,"column":null}},"14":{"start":{"line":27,"column":2},"end":{"line":27,"column":29}},"15":{"start":{"line":30,"column":2},"end":{"line":35,"column":5}},"16":{"start":{"line":37,"column":2},"end":{"line":37,"column":55}},"17":{"start":{"line":40,"column":9},"end":{"line":40,"column":22}}},"fnMap":{"0":{"name":"(anonymous_8)","decl":{"start":{"line":7,"column":35},"end":{"line":7,"column":42}},"loc":{"start":{"line":7,"column":73},"end":{"line":38,"column":2}}},"1":{"name":"(anonymous_9)","decl":{"start":{"line":7,"column":73},"end":{"line":7,"column":null}},"loc":{"start":{"line":7,"column":73},"end":{"line":38,"column":1}}}},"branchMap":{"0":{"loc":{"start":{"line":10,"column":2},"end":{"line":12,"column":3}},"type":"if","locations":[{"start":{"line":10,"column":2},"end":{"line":12,"column":3}}]},"1":{"loc":{"start":{"line":10,"column":7},"end":{"line":10,"column":19}},"type":"cond-expr","locations":[{"start":{"line":10,"column":14},"end":{"line":10,"column":16}},{"start":{"line":10,"column":7},"end":{"line":10,"column":19}}]},"2":{"loc":{"start":{"line":10,"column":7},"end":{"line":10,"column":16}},"type":"binary-expr","locations":[{"start":{"line":10,"column":7},"end":{"line":10,"column":16}},{"start":{"line":10,"column":7},"end":{"line":10,"column":16}}]},"3":{"loc":{"start":{"line":18,"column":2},"end":{"line":20,"column":3}},"type":"if","locations":[{"start":{"line":18,"column":2},"end":{"line":20,"column":3}}]},"4":{"loc":{"start":{"line":34,"column":6},"end":{"line":34,"column":78}},"type":"binary-expr","locations":[{"start":{"line":34,"column":6},"end":{"line":34,"column":43}},{"start":{"line":34,"column":47},"end":{"line":34,"column":78}}]}},"s":{"0":7,"1":7,"2":7,"3":7,"4":7,"5":3,"6":3,"7":3,"8":1,"9":2,"10":2,"11":2,"12":1,"13":1,"14":1,"15":1,"16":1,"17":7},"f":{"0":3,"1":3},"b":{"0":[1],"1":[0,3],"2":[3,3],"3":[1],"4":[1,1]}}
,"D:\\SWdevelop\\workspace\\Project_Workspace\\OenDIHackathon\\openmesh-consensus\\backend\\auth-service\\src\\controllers\\refresh-token-controller.ts": {"path":"D:\\SWdevelop\\workspace\\Project_Workspace\\OenDIHackathon\\openmesh-consensus\\backend\\auth-service\\src\\controllers\\refresh-token-controller.ts","statementMap":{"0":{"start":{"line":2,"column":0},"end":{"line":2,"column":31}},"1":{"start":{"line":3,"column":0},"end":{"line":3,"column":49}},"2":{"start":{"line":4,"column":0},"end":{"line":4,"column":48}},"3":{"start":{"line":5,"column":0},"end":{"line":5,"column":23}},"4":{"start":{"line":6,"column":0},"end":{"line":6,"column":68}},"5":{"start":{"line":8,"column":28},"end":{"line":49,"column":null}},"6":{"start":{"line":9,"column":40},"end":{"line":49,"column":null}},"7":{"start":{"line":10,"column":20},"end":{"line":10,"column":31}},"8":{"start":{"line":12,"column":4},"end":{"line":14,"column":5}},"9":{"start":{"line":13,"column":6},"end":{"line":13,"column":37}},"10":{"start":{"line":16,"column":29},"end":{"line":16,"column":40}},"11":{"start":{"line":18,"column":22},"end":{"line":18,"column":79}},"12":{"start":{"line":19,"column":4},"end":{"line":21,"column":5}},"13":{"start":{"line":20,"column":6},"end":{"line":20,"column":37}},"14":{"start":{"line":23,"column":4},"end":{"line":48,"column":6}},"15":{"start":{"line":27,"column":8},"end":{"line":29,"column":9}},"16":{"start":{"line":28,"column":10},"end":{"line":28,"column":37}},"17":{"start":{"line":31,"column":26},"end":{"line":31,"column":60}},"18":{"start":{"line":33,"column":28},"end":{"line":44,"column":null}},"19":{"start":{"line":46,"column":8},"end":{"line":46,"column":59}},"20":{"start":{"line":52,"column":9},"end":{"line":52,"column":28}}},"fnMap":{"0":{"name":"(anonymous_8)","decl":{"start":{"line":9,"column":2},"end":{"line":9,"column":9}},"loc":{"start":{"line":9,"column":40},"end":{"line":49,"column":null}}},"1":{"name":"(anonymous_9)","decl":{"start":{"line":9,"column":40},"end":{"line":9,"column":null}},"loc":{"start":{"line":9,"column":40},"end":{"line":49,"column":3}}},"2":{"name":"(anonymous_10)","decl":{"start":{"line":26,"column":6},"end":{"line":26,"column":7}},"loc":{"start":{"line":26,"column":30},"end":{"line":47,"column":7}}}},"branchMap":{"0":{"loc":{"start":{"line":12,"column":4},"end":{"line":14,"column":5}},"type":"if","locations":[{"start":{"line":12,"column":4},"end":{"line":14,"column":5}}]},"1":{"loc":{"start":{"line":12,"column":9},"end":{"line":12,"column":21}},"type":"cond-expr","locations":[{"start":{"line":12,"column":16},"end":{"line":12,"column":18}},{"start":{"line":12,"column":9},"end":{"line":12,"column":21}}]},"2":{"loc":{"start":{"line":12,"column":9},"end":{"line":12,"column":18}},"type":"binary-expr","locations":[{"start":{"line":12,"column":9},"end":{"line":12,"column":18}},{"start":{"line":12,"column":9},"end":{"line":12,"column":18}}]},"3":{"loc":{"start":{"line":19,"column":4},"end":{"line":21,"column":5}},"type":"if","locations":[{"start":{"line":19,"column":4},"end":{"line":21,"column":5}}]},"4":{"loc":{"start":{"line":27,"column":8},"end":{"line":29,"column":9}},"type":"if","locations":[{"start":{"line":27,"column":8},"end":{"line":29,"column":9}}]},"5":{"loc":{"start":{"line":27,"column":12},"end":{"line":27,"column":66}},"type":"binary-expr","locations":[{"start":{"line":27,"column":12},"end":{"line":27,"column":15}},{"start":{"line":27,"column":19},"end":{"line":27,"column":66}}]}},"s":{"0":7,"1":7,"2":7,"3":7,"4":7,"5":7,"6":3,"7":3,"8":3,"9":2,"10":1,"11":1,"12":1,"13":0,"14":1,"15":1,"16":0,"17":1,"18":1,"19":1,"20":7},"f":{"0":3,"1":3,"2":1},"b":{"0":[2],"1":[0,3],"2":[3,3],"3":[0],"4":[0],"5":[1,1]}}
,"D:\\SWdevelop\\workspace\\Project_Workspace\\OenDIHackathon\\openmesh-consensus\\backend\\auth-service\\src\\controllers\\register-user-controller.ts": {"path":"D:\\SWdevelop\\workspace\\Project_Workspace\\OenDIHackathon\\openmesh-consensus\\backend\\auth-service\\src\\controllers\\register-user-controller.ts","statementMap":{"0":{"start":{"line":2,"column":0},"end":{"line":2,"column":49}},"1":{"start":{"line":3,"column":0},"end":{"line":3,"column":31}},"2":{"start":{"line":4,"column":0},"end":{"line":4,"column":null}},"3":{"start":{"line":9,"column":0},"end":{"line":9,"column":48}},"4":{"start":{"line":10,"column":0},"end":{"line":10,"column":76}},"5":{"start":{"line":11,"column":0},"end":{"line":11,"column":57}},"6":{"start":{"line":12,"column":0},"end":{"line":12,"column":53}},"7":{"start":{"line":14,"column":28},"end":{"line":96,"column":null}},"8":{"start":{"line":15,"column":40},"end":{"line":96,"column":null}},"9":{"start":{"line":17,"column":33},"end":{"line":17,"column":78}},"10":{"start":{"line":19,"column":4},"end":{"line":27,"column":5}},"11":{"start":{"line":20,"column":6},"end":{"line":25,"column":8}},"12":{"start":{"line":26,"column":6},"end":{"line":26,"column":74}},"13":{"start":{"line":29,"column":31},"end":{"line":29,"column":56}},"14":{"start":{"line":32,"column":25},"end":{"line":32,"column":73}},"15":{"start":{"line":34,"column":4},"end":{"line":42,"column":5}},"16":{"start":{"line":35,"column":25},"end":{"line":35,"column":41}},"17":{"start":{"line":36,"column":22},"end":{"line":36,"column":44}},"18":{"start":{"line":37,"column":6},"end":{"line":40,"column":8}},"19":{"start":{"line":41,"column":6},"end":{"line":41,"column":39}},"20":{"start":{"line":46,"column":22},"end":{"line":46,"column":51}},"21":{"start":{"line":49,"column":24},"end":{"line":61,"column":null}},"22":{"start":{"line":65,"column":25},"end":{"line":77,"column":null}},"23":{"start":{"line":80,"column":24},"end":{"line":80,"column":72}},"24":{"start":{"line":82,"column":54},"end":{"line":84,"column":6}},"25":{"start":{"line":86,"column":4},"end":{"line":93,"column":7}},"26":{"start":{"line":95,"column":4},"end":{"line":95,"column":46}},"27":{"start":{"line":99,"column":9},"end":{"line":99,"column":28}}},"fnMap":{"0":{"name":"(anonymous_8)","decl":{"start":{"line":15,"column":2},"end":{"line":15,"column":9}},"loc":{"start":{"line":15,"column":40},"end":{"line":96,"column":null}}},"1":{"name":"(anonymous_9)","decl":{"start":{"line":15,"column":40},"end":{"line":15,"column":null}},"loc":{"start":{"line":15,"column":40},"end":{"line":96,"column":3}}}},"branchMap":{"0":{"loc":{"start":{"line":19,"column":4},"end":{"line":27,"column":5}},"type":"if","locations":[{"start":{"line":19,"column":4},"end":{"line":27,"column":5}}]},"1":{"loc":{"start":{"line":34,"column":4},"end":{"line":42,"column":5}},"type":"if","locations":[{"start":{"line":34,"column":4},"end":{"line":42,"column":5}}]},"2":{"loc":{"start":{"line":58,"column":6},"end":{"line":60,"column":18}},"type":"cond-expr","locations":[{"start":{"line":59,"column":10},"end":{"line":59,"column":41}},{"start":{"line":60,"column":10},"end":{"line":60,"column":18}}]},"3":{"loc":{"start":{"line":74,"column":6},"end":{"line":76,"column":18}},"type":"cond-expr","locations":[{"start":{"line":75,"column":10},"end":{"line":75,"column":42}},{"start":{"line":76,"column":10},"end":{"line":76,"column":18}}]},"4":{"loc":{"start":{"line":90,"column":8},"end":{"line":91,"column":42}},"type":"binary-expr","locations":[{"start":{"line":90,"column":8},"end":{"line":90,"column":45}},{"start":{"line":91,"column":8},"end":{"line":91,"column":42}}]}},"s":{"0":7,"1":7,"2":7,"3":7,"4":7,"5":7,"6":7,"7":7,"8":31,"9":31,"10":31,"11":15,"12":15,"13":16,"14":16,"15":16,"16":1,"17":1,"18":1,"19":1,"20":15,"21":15,"22":15,"23":15,"24":15,"25":15,"26":15,"27":7},"f":{"0":31,"1":31},"b":{"0":[15],"1":[1],"2":[15,0],"3":[15,0],"4":[15,15]}}
,"D:\\SWdevelop\\workspace\\Project_Workspace\\OenDIHackathon\\openmesh-consensus\\backend\\auth-service\\src\\controllers\\update-password-controller.ts": {"path":"D:\\SWdevelop\\workspace\\Project_Workspace\\OenDIHackathon\\openmesh-consensus\\backend\\auth-service\\src\\controllers\\update-password-controller.ts","statementMap":{"0":{"start":{"line":2,"column":0},"end":{"line":2,"column":49}},"1":{"start":{"line":3,"column":0},"end":{"line":3,"column":31}},"2":{"start":{"line":4,"column":0},"end":{"line":4,"column":65}},"3":{"start":{"line":5,"column":0},"end":{"line":5,"column":76}},"4":{"start":{"line":6,"column":0},"end":{"line":6,"column":62}},"5":{"start":{"line":7,"column":0},"end":{"line":7,"column":53}},"6":{"start":{"line":8,"column":0},"end":{"line":8,"column":48}},"7":{"start":{"line":9,"column":0},"end":{"line":9,"column":57}},"8":{"start":{"line":11,"column":33},"end":{"line":105,"column":null}},"9":{"start":{"line":12,"column":40},"end":{"line":105,"column":null}},"10":{"start":{"line":14,"column":38},"end":{"line":15,"column":null}},"11":{"start":{"line":18,"column":4},"end":{"line":26,"column":5}},"12":{"start":{"line":19,"column":6},"end":{"line":24,"column":8}},"13":{"start":{"line":25,"column":6},"end":{"line":25,"column":79}},"14":{"start":{"line":28,"column":29},"end":{"line":28,"column":59}},"15":{"start":{"line":31,"column":25},"end":{"line":32,"column":null}},"16":{"start":{"line":35,"column":4},"end":{"line":43,"column":5}},"17":{"start":{"line":36,"column":25},"end":{"line":36,"column":41}},"18":{"start":{"line":37,"column":22},"end":{"line":37,"column":61}},"19":{"start":{"line":38,"column":6},"end":{"line":41,"column":8}},"20":{"start":{"line":42,"column":6},"end":{"line":42,"column":77}},"21":{"start":{"line":46,"column":25},"end":{"line":47,"column":null}},"22":{"start":{"line":51,"column":4},"end":{"line":55,"column":6}},"23":{"start":{"line":58,"column":24},"end":{"line":71,"column":null}},"24":{"start":{"line":75,"column":25},"end":{"line":88,"column":null}},"25":{"start":{"line":91,"column":4},"end":{"line":98,"column":7}},"26":{"start":{"line":100,"column":39},"end":{"line":102,"column":6}},"27":{"start":{"line":104,"column":4},"end":{"line":104,"column":53}},"28":{"start":{"line":108,"column":9},"end":{"line":108,"column":33}}},"fnMap":{"0":{"name":"(anonymous_8)","decl":{"start":{"line":12,"column":2},"end":{"line":12,"column":9}},"loc":{"start":{"line":12,"column":40},"end":{"line":105,"column":null}}},"1":{"name":"(anonymous_9)","decl":{"start":{"line":12,"column":40},"end":{"line":12,"column":null}},"loc":{"start":{"line":12,"column":40},"end":{"line":105,"column":3}}}},"branchMap":{"0":{"loc":{"start":{"line":18,"column":4},"end":{"line":26,"column":5}},"type":"if","locations":[{"start":{"line":18,"column":4},"end":{"line":26,"column":5}}]},"1":{"loc":{"start":{"line":35,"column":4},"end":{"line":43,"column":5}},"type":"if","locations":[{"start":{"line":35,"column":4},"end":{"line":43,"column":5}}]},"2":{"loc":{"start":{"line":68,"column":6},"end":{"line":70,"column":18}},"type":"cond-expr","locations":[{"start":{"line":69,"column":10},"end":{"line":69,"column":41}},{"start":{"line":70,"column":10},"end":{"line":70,"column":18}}]},"3":{"loc":{"start":{"line":85,"column":6},"end":{"line":87,"column":18}},"type":"cond-expr","locations":[{"start":{"line":86,"column":10},"end":{"line":86,"column":42}},{"start":{"line":87,"column":10},"end":{"line":87,"column":18}}]},"4":{"loc":{"start":{"line":95,"column":8},"end":{"line":96,"column":39}},"type":"binary-expr","locations":[{"start":{"line":95,"column":8},"end":{"line":95,"column":45}},{"start":{"line":96,"column":8},"end":{"line":96,"column":39}}]}},"s":{"0":7,"1":7,"2":7,"3":7,"4":7,"5":7,"6":7,"7":7,"8":7,"9":6,"10":6,"11":6,"12":3,"13":3,"14":3,"15":3,"16":3,"17":1,"18":1,"19":1,"20":1,"21":2,"22":2,"23":2,"24":2,"25":2,"26":2,"27":2,"28":7},"f":{"0":6,"1":6},"b":{"0":[3],"1":[1],"2":[2,0],"3":[2,0],"4":[2,2]}}
,"D:\\SWdevelop\\workspace\\Project_Workspace\\OenDIHackathon\\openmesh-consensus\\backend\\auth-service\\src\\controllers\\verify-otp-controller.ts": {"path":"D:\\SWdevelop\\workspace\\Project_Workspace\\OenDIHackathon\\openmesh-consensus\\backend\\auth-service\\src\\controllers\\verify-otp-controller.ts","statementMap":{"0":{"start":{"line":2,"column":0},"end":{"line":2,"column":49}},"1":{"start":{"line":3,"column":0},"end":{"line":3,"column":23}},"2":{"start":{"line":4,"column":0},"end":{"line":4,"column":53}},"3":{"start":{"line":5,"column":0},"end":{"line":5,"column":76}},"4":{"start":{"line":6,"column":0},"end":{"line":6,"column":62}},"5":{"start":{"line":7,"column":0},"end":{"line":7,"column":48}},"6":{"start":{"line":8,"column":0},"end":{"line":8,"column":66}},"7":{"start":{"line":9,"column":0},"end":{"line":9,"column":57}},"8":{"start":{"line":11,"column":25},"end":{"line":76,"column":2}},"9":{"start":{"line":11,"column":76},"end":{"line":76,"column":2}},"10":{"start":{"line":13,"column":25},"end":{"line":13,"column":70}},"11":{"start":{"line":14,"column":22},"end":{"line":14,"column":42}},"12":{"start":{"line":16,"column":2},"end":{"line":24,"column":3}},"13":{"start":{"line":17,"column":4},"end":{"line":22,"column":6}},"14":{"start":{"line":23,"column":4},"end":{"line":23,"column":66}},"15":{"start":{"line":26,"column":15},"end":{"line":26,"column":34}},"16":{"start":{"line":29,"column":23},"end":{"line":29,"column":71}},"17":{"start":{"line":31,"column":2},"end":{"line":39,"column":3}},"18":{"start":{"line":32,"column":23},"end":{"line":32,"column":37}},"19":{"start":{"line":33,"column":20},"end":{"line":33,"column":59}},"20":{"start":{"line":34,"column":4},"end":{"line":37,"column":6}},"21":{"start":{"line":38,"column":4},"end":{"line":38,"column":39}},"22":{"start":{"line":41,"column":2},"end":{"line":41,"column":52}},"23":{"start":{"line":42,"column":2},"end":{"line":42,"column":43}},"24":{"start":{"line":45,"column":2},"end":{"line":70,"column":3}},"25":{"start":{"line":46,"column":4},"end":{"line":54,"column":5}},"26":{"start":{"line":47,"column":25},"end":{"line":47,"column":43}},"27":{"start":{"line":48,"column":22},"end":{"line":48,"column":67}},"28":{"start":{"line":49,"column":6},"end":{"line":52,"column":8}},"29":{"start":{"line":53,"column":6},"end":{"line":53,"column":41}},"30":{"start":{"line":56,"column":23},"end":{"line":58,"column":null}},"31":{"start":{"line":61,"column":4},"end":{"line":69,"column":5}},"32":{"start":{"line":62,"column":25},"end":{"line":62,"column":43}},"33":{"start":{"line":63,"column":22},"end":{"line":63,"column":57}},"34":{"start":{"line":64,"column":6},"end":{"line":67,"column":8}},"35":{"start":{"line":68,"column":6},"end":{"line":68,"column":41}},"36":{"start":{"line":73,"column":2},"end":{"line":73,"column":77}},"37":{"start":{"line":75,"column":2},"end":{"line":75,"column":53}},"38":{"start":{"line":78,"column":9},"end":{"line":78,"column":25}}},"fnMap":{"0":{"name":"(anonymous_8)","decl":{"start":{"line":11,"column":38},"end":{"line":11,"column":45}},"loc":{"start":{"line":11,"column":76},"end":{"line":76,"column":2}}},"1":{"name":"(anonymous_9)","decl":{"start":{"line":11,"column":76},"end":{"line":11,"column":null}},"loc":{"start":{"line":11,"column":76},"end":{"line":76,"column":1}}}},"branchMap":{"0":{"loc":{"start":{"line":16,"column":2},"end":{"line":24,"column":3}},"type":"if","locations":[{"start":{"line":16,"column":2},"end":{"line":24,"column":3}}]},"1":{"loc":{"start":{"line":31,"column":2},"end":{"line":39,"column":3}},"type":"if","locations":[{"start":{"line":31,"column":2},"end":{"line":39,"column":3}}]},"2":{"loc":{"start":{"line":45,"column":2},"end":{"line":70,"column":3}},"type":"if","locations":[{"start":{"line":45,"column":2},"end":{"line":70,"column":3}}]},"3":{"loc":{"start":{"line":45,"column":6},"end":{"line":45,"column":58}},"type":"binary-expr","locations":[{"start":{"line":45,"column":6},"end":{"line":45,"column":34}},{"start":{"line":45,"column":38},"end":{"line":45,"column":58}}]},"4":{"loc":{"start":{"line":46,"column":4},"end":{"line":54,"column":5}},"type":"if","locations":[{"start":{"line":46,"column":4},"end":{"line":54,"column":5}}]},"5":{"loc":{"start":{"line":61,"column":4},"end":{"line":69,"column":5}},"type":"if","locations":[{"start":{"line":61,"column":4},"end":{"line":69,"column":5}}]}},"s":{"0":7,"1":7,"2":7,"3":7,"4":7,"5":7,"6":7,"7":7,"8":7,"9":3,"10":3,"11":3,"12":3,"13":0,"14":0,"15":3,"16":3,"17":3,"18":0,"19":0,"20":0,"21":0,"22":3,"23":3,"24":3,"25":3,"26":1,"27":1,"28":1,"29":1,"30":2,"31":2,"32":1,"33":1,"34":1,"35":1,"36":1,"37":1,"38":7},"f":{"0":3,"1":3},"b":{"0":[0],"1":[0],"2":[3],"3":[3,3],"4":[1],"5":[1]}}
,"D:\\SWdevelop\\workspace\\Project_Workspace\\OenDIHackathon\\openmesh-consensus\\backend\\auth-service\\src\\errors\\bad-request-error.ts": {"path":"D:\\SWdevelop\\workspace\\Project_Workspace\\OenDIHackathon\\openmesh-consensus\\backend\\auth-service\\src\\errors\\bad-request-error.ts","statementMap":{"0":{"start":{"line":1,"column":0},"end":{"line":1,"column":45}},"1":{"start":{"line":7,"column":4},"end":{"line":7,"column":19}},"2":{"start":{"line":6,"column":21},"end":{"line":6,"column":36}},"3":{"start":{"line":4,"column":2},"end":{"line":4,"column":19}},"4":{"start":{"line":10,"column":4},"end":{"line":10,"column":59}},"5":{"start":{"line":14,"column":4},"end":{"line":14,"column":60}},"6":{"start":{"line":3,"column":0},"end":{"line":3,"column":13}}},"fnMap":{"0":{"name":"(anonymous_0)","decl":{"start":{"line":6,"column":2},"end":{"line":6,"column":21}},"loc":{"start":{"line":6,"column":36},"end":{"line":11,"column":3}}},"1":{"name":"(anonymous_1)","decl":{"start":{"line":13,"column":2},"end":{"line":13,"column":17}},"loc":{"start":{"line":13,"column":17},"end":{"line":15,"column":3}}}},"branchMap":{},"s":{"0":7,"1":5,"2":5,"3":5,"4":5,"5":5,"6":7},"f":{"0":5,"1":5},"b":{}}
,"D:\\SWdevelop\\workspace\\Project_Workspace\\OenDIHackathon\\openmesh-consensus\\backend\\auth-service\\src\\errors\\conflict-error.ts": {"path":"D:\\SWdevelop\\workspace\\Project_Workspace\\OenDIHackathon\\openmesh-consensus\\backend\\auth-service\\src\\errors\\conflict-error.ts","statementMap":{"0":{"start":{"line":1,"column":0},"end":{"line":1,"column":45}},"1":{"start":{"line":6,"column":4},"end":{"line":6,"column":19}},"2":{"start":{"line":5,"column":21},"end":{"line":5,"column":36}},"3":{"start":{"line":3,"column":2},"end":{"line":3,"column":19}},"4":{"start":{"line":9,"column":4},"end":{"line":9,"column":57}},"5":{"start":{"line":13,"column":4},"end":{"line":13,"column":58}},"6":{"start":{"line":2,"column":0},"end":{"line":2,"column":13}}},"fnMap":{"0":{"name":"(anonymous_0)","decl":{"start":{"line":5,"column":2},"end":{"line":5,"column":21}},"loc":{"start":{"line":5,"column":36},"end":{"line":10,"column":3}}},"1":{"name":"(anonymous_1)","decl":{"start":{"line":12,"column":2},"end":{"line":12,"column":17}},"loc":{"start":{"line":12,"column":17},"end":{"line":14,"column":3}}}},"branchMap":{},"s":{"0":7,"1":1,"2":1,"3":1,"4":1,"5":1,"6":7},"f":{"0":1,"1":1},"b":{}}
,"D:\\SWdevelop\\workspace\\Project_Workspace\\OenDIHackathon\\openmesh-consensus\\backend\\auth-service\\src\\errors\\custom-error.ts": {"path":"D:\\SWdevelop\\workspace\\Project_Workspace\\OenDIHackathon\\openmesh-consensus\\backend\\auth-service\\src\\errors\\custom-error.ts","statementMap":{"0":{"start":{"line":5,"column":4},"end":{"line":5,"column":12}},"1":{"start":{"line":8,"column":4},"end":{"line":8,"column":55}},"2":{"start":{"line":1,"column":0},"end":{"line":1,"column":22}}},"fnMap":{"0":{"name":"(anonymous_0)","decl":{"start":{"line":4,"column":2},"end":{"line":4,"column":14}},"loc":{"start":{"line":4,"column":29},"end":{"line":9,"column":3}}}},"branchMap":{},"s":{"0":52,"1":52,"2":7},"f":{"0":52},"b":{}}
,"D:\\SWdevelop\\workspace\\Project_Workspace\\OenDIHackathon\\openmesh-consensus\\backend\\auth-service\\src\\errors\\not-authorised-error.ts": {"path":"D:\\SWdevelop\\workspace\\Project_Workspace\\OenDIHackathon\\openmesh-consensus\\backend\\auth-service\\src\\errors\\not-authorised-error.ts","statementMap":{"0":{"start":{"line":1,"column":0},"end":{"line":1,"column":45}},"1":{"start":{"line":7,"column":4},"end":{"line":7,"column":28}},"2":{"start":{"line":4,"column":2},"end":{"line":4,"column":27}},"3":{"start":{"line":10,"column":4},"end":{"line":10,"column":62}},"4":{"start":{"line":14,"column":4},"end":{"line":19,"column":6}},"5":{"start":{"line":3,"column":0},"end":{"line":3,"column":13}}},"fnMap":{"0":{"name":"(anonymous_0)","decl":{"start":{"line":6,"column":2},"end":{"line":6,"column":null}},"loc":{"start":{"line":6,"column":2},"end":{"line":11,"column":3}}},"1":{"name":"(anonymous_1)","decl":{"start":{"line":13,"column":2},"end":{"line":13,"column":17}},"loc":{"start":{"line":13,"column":17},"end":{"line":20,"column":3}}}},"branchMap":{},"s":{"0":7,"1":3,"2":3,"3":3,"4":3,"5":7},"f":{"0":3,"1":3},"b":{}}
,"D:\\SWdevelop\\workspace\\Project_Workspace\\OenDIHackathon\\openmesh-consensus\\backend\\auth-service\\src\\errors\\not-found-error.ts": {"path":"D:\\SWdevelop\\workspace\\Project_Workspace\\OenDIHackathon\\openmesh-consensus\\backend\\auth-service\\src\\errors\\not-found-error.ts","statementMap":{"0":{"start":{"line":1,"column":0},"end":{"line":1,"column":45}},"1":{"start":{"line":7,"column":4},"end":{"line":7,"column":19}},"2":{"start":{"line":6,"column":21},"end":{"line":6,"column":36}},"3":{"start":{"line":4,"column":2},"end":{"line":4,"column":27}},"4":{"start":{"line":10,"column":4},"end":{"line":10,"column":57}},"5":{"start":{"line":14,"column":4},"end":{"line":19,"column":6}},"6":{"start":{"line":3,"column":0},"end":{"line":3,"column":13}}},"fnMap":{"0":{"name":"(anonymous_0)","decl":{"start":{"line":6,"column":2},"end":{"line":6,"column":21}},"loc":{"start":{"line":6,"column":36},"end":{"line":11,"column":3}}},"1":{"name":"(anonymous_1)","decl":{"start":{"line":13,"column":2},"end":{"line":13,"column":17}},"loc":{"start":{"line":13,"column":17},"end":{"line":20,"column":3}}}},"branchMap":{},"s":{"0":7,"1":2,"2":2,"3":2,"4":2,"5":2,"6":7},"f":{"0":2,"1":2},"b":{}}
,"D:\\SWdevelop\\workspace\\Project_Workspace\\OenDIHackathon\\openmesh-consensus\\backend\\auth-service\\src\\errors\\request-validation-error.ts": {"path":"D:\\SWdevelop\\workspace\\Project_Workspace\\OenDIHackathon\\openmesh-consensus\\backend\\auth-service\\src\\errors\\request-validation-error.ts","statementMap":{"0":{"start":{"line":2,"column":0},"end":{"line":2,"column":45}},"1":{"start":{"line":7,"column":4},"end":{"line":7,"column":36}},"2":{"start":{"line":6,"column":21},"end":{"line":6,"column":39}},"3":{"start":{"line":5,"column":2},"end":{"line":5,"column":27}},"4":{"start":{"line":10,"column":4},"end":{"line":10,"column":66}},"5":{"start":{"line":14,"column":4},"end":{"line":19,"column":7}},"6":{"start":{"line":15,"column":6},"end":{"line":18,"column":8}},"7":{"start":{"line":4,"column":0},"end":{"line":4,"column":13}}},"fnMap":{"0":{"name":"(anonymous_0)","decl":{"start":{"line":6,"column":2},"end":{"line":6,"column":21}},"loc":{"start":{"line":6,"column":39},"end":{"line":11,"column":3}}},"1":{"name":"(anonymous_1)","decl":{"start":{"line":13,"column":2},"end":{"line":13,"column":17}},"loc":{"start":{"line":13,"column":17},"end":{"line":20,"column":3}}},"2":{"name":"(anonymous_2)","decl":{"start":{"line":14,"column":27},"end":{"line":14,"column":28}},"loc":{"start":{"line":14,"column":35},"end":{"line":19,"column":5}}}},"branchMap":{},"s":{"0":7,"1":41,"2":41,"3":41,"4":41,"5":41,"6":41,"7":7},"f":{"0":41,"1":41,"2":41},"b":{}}
,"D:\\SWdevelop\\workspace\\Project_Workspace\\OenDIHackathon\\openmesh-consensus\\backend\\auth-service\\src\\middleware\\credentials.ts": {"path":"D:\\SWdevelop\\workspace\\Project_Workspace\\OenDIHackathon\\openmesh-consensus\\backend\\auth-service\\src\\middleware\\credentials.ts","statementMap":{"0":{"start":{"line":2,"column":0},"end":{"line":2,"column":61}},"1":{"start":{"line":4,"column":20},"end":{"line":10,"column":1}},"2":{"start":{"line":5,"column":17},"end":{"line":5,"column":35}},"3":{"start":{"line":6,"column":2},"end":{"line":8,"column":3}},"4":{"start":{"line":7,"column":4},"end":{"line":7,"column":62}},"5":{"start":{"line":9,"column":2},"end":{"line":9,"column":9}},"6":{"start":{"line":12,"column":9},"end":{"line":12,"column":20}}},"fnMap":{"0":{"name":"(anonymous_0)","decl":{"start":{"line":4,"column":20},"end":{"line":4,"column":21}},"loc":{"start":{"line":4,"column":72},"end":{"line":10,"column":1}}}},"branchMap":{"0":{"loc":{"start":{"line":6,"column":2},"end":{"line":8,"column":3}},"type":"if","locations":[{"start":{"line":6,"column":2},"end":{"line":8,"column":3}}]}},"s":{"0":7,"1":7,"2":77,"3":77,"4":0,"5":77,"6":7},"f":{"0":77},"b":{"0":[0]}}
,"D:\\SWdevelop\\workspace\\Project_Workspace\\OenDIHackathon\\openmesh-consensus\\backend\\auth-service\\src\\middleware\\error-handlers.ts": {"path":"D:\\SWdevelop\\workspace\\Project_Workspace\\OenDIHackathon\\openmesh-consensus\\backend\\auth-service\\src\\middleware\\error-handlers.ts","statementMap":{"0":{"start":{"line":2,"column":0},"end":{"line":2,"column":53}},"1":{"start":{"line":4,"column":28},"end":{"line":18,"column":1}},"2":{"start":{"line":10,"column":2},"end":{"line":12,"column":3}},"3":{"start":{"line":11,"column":4},"end":{"line":11,"column":78}},"4":{"start":{"line":14,"column":2},"end":{"line":14,"column":29}},"5":{"start":{"line":15,"column":2},"end":{"line":17,"column":5}},"6":{"start":{"line":4,"column":13},"end":{"line":4,"column":28}}},"fnMap":{"0":{"name":"(anonymous_0)","decl":{"start":{"line":4,"column":28},"end":{"line":4,"column":null}},"loc":{"start":{"line":9,"column":4},"end":{"line":18,"column":1}}}},"branchMap":{"0":{"loc":{"start":{"line":10,"column":2},"end":{"line":12,"column":3}},"type":"if","locations":[{"start":{"line":10,"column":2},"end":{"line":12,"column":3}}]}},"s":{"0":7,"1":7,"2":52,"3":52,"4":0,"5":0,"6":7},"f":{"0":52},"b":{"0":[52]}}
,"D:\\SWdevelop\\workspace\\Project_Workspace\\OenDIHackathon\\openmesh-consensus\\backend\\auth-service\\src\\middleware\\log-events.ts": {"path":"D:\\SWdevelop\\workspace\\Project_Workspace\\OenDIHackathon\\openmesh-consensus\\backend\\auth-service\\src\\middleware\\log-events.ts","statementMap":{"0":{"start":{"line":1,"column":0},"end":{"line":1,"column":34}},"1":{"start":{"line":2,"column":0},"end":{"line":2,"column":26}},"2":{"start":{"line":4,"column":0},"end":{"line":4,"column":48}},"3":{"start":{"line":5,"column":0},"end":{"line":5,"column":24}},"4":{"start":{"line":8,"column":18},"end":{"line":23,"column":2}},"5":{"start":{"line":8,"column":61},"end":{"line":23,"column":2}},"6":{"start":{"line":9,"column":19},"end":{"line":9,"column":69}},"7":{"start":{"line":10,"column":18},"end":{"line":10,"column":56}},"8":{"start":{"line":12,"column":2},"end":{"line":22,"column":3}},"9":{"start":{"line":13,"column":4},"end":{"line":15,"column":5}},"10":{"start":{"line":14,"column":6},"end":{"line":14,"column":65}},"11":{"start":{"line":16,"column":4},"end":{"line":19,"column":6}},"12":{"start":{"line":21,"column":4},"end":{"line":21,"column":23}},"13":{"start":{"line":30,"column":9},"end":{"line":30,"column":18}},"14":{"start":{"line":25,"column":15},"end":{"line":28,"column":1}},"15":{"start":{"line":26,"column":2},"end":{"line":26,"column":78}},"16":{"start":{"line":27,"column":2},"end":{"line":27,"column":9}},"17":{"start":{"line":30,"column":20},"end":{"line":30,"column":26}}},"fnMap":{"0":{"name":"(anonymous_14)","decl":{"start":{"line":8,"column":18},"end":{"line":8,"column":25}},"loc":{"start":{"line":8,"column":61},"end":{"line":23,"column":2}}},"1":{"name":"(anonymous_15)","decl":{"start":{"line":8,"column":61},"end":{"line":8,"column":null}},"loc":{"start":{"line":8,"column":61},"end":{"line":23,"column":1}}},"2":{"name":"(anonymous_16)","decl":{"start":{"line":25,"column":15},"end":{"line":25,"column":16}},"loc":{"start":{"line":25,"column":67},"end":{"line":28,"column":1}}}},"branchMap":{"0":{"loc":{"start":{"line":13,"column":4},"end":{"line":15,"column":5}},"type":"if","locations":[{"start":{"line":13,"column":4},"end":{"line":15,"column":5}}]}},"s":{"0":7,"1":7,"2":7,"3":7,"4":7,"5":125,"6":125,"7":125,"8":125,"9":125,"10":0,"11":125,"12":0,"13":7,"14":7,"15":77,"16":77,"17":7},"f":{"0":125,"1":125,"2":77},"b":{"0":[0]}}
,"D:\\SWdevelop\\workspace\\Project_Workspace\\OenDIHackathon\\openmesh-consensus\\backend\\auth-service\\src\\models\\user.ts": {"path":"D:\\SWdevelop\\workspace\\Project_Workspace\\OenDIHackathon\\openmesh-consensus\\backend\\auth-service\\src\\models\\user.ts","statementMap":{"0":{"start":{"line":1,"column":0},"end":{"line":1,"column":32}},"1":{"start":{"line":2,"column":0},"end":{"line":2,"column":57}},"2":{"start":{"line":35,"column":19},"end":{"line":45,"column":2}},"3":{"start":{"line":47,"column":0},"end":{"line":55,"column":3}},"4":{"start":{"line":48,"column":2},"end":{"line":53,"column":3}},"5":{"start":{"line":49,"column":27},"end":{"line":50,"column":null}},"6":{"start":{"line":52,"column":4},"end":{"line":52,"column":45}},"7":{"start":{"line":54,"column":2},"end":{"line":54,"column":9}},"8":{"start":{"line":58,"column":0},"end":{"line":60,"column":2}},"9":{"start":{"line":59,"column":2},"end":{"line":59,"column":26}},"10":{"start":{"line":62,"column":13},"end":{"line":62,"column":72}},"11":{"start":{"line":64,"column":9},"end":{"line":64,"column":13}}},"fnMap":{"0":{"name":"(anonymous_8)","decl":{"start":{"line":47,"column":23},"end":{"line":47,"column":39}},"loc":{"start":{"line":47,"column":43},"end":{"line":55,"column":2}}},"1":{"name":"(anonymous_10)","decl":{"start":{"line":58,"column":27},"end":{"line":58,"column":28}},"loc":{"start":{"line":58,"column":50},"end":{"line":60,"column":1}}}},"branchMap":{"0":{"loc":{"start":{"line":48,"column":2},"end":{"line":53,"column":3}},"type":"if","locations":[{"start":{"line":48,"column":2},"end":{"line":53,"column":3}}]}},"s":{"0":7,"1":7,"2":7,"3":7,"4":27,"5":17,"6":17,"7":27,"8":7,"9":15,"10":7,"11":7},"f":{"0":27,"1":15},"b":{"0":[17]}}
,"D:\\SWdevelop\\workspace\\Project_Workspace\\OenDIHackathon\\openmesh-consensus\\backend\\auth-service\\src\\schemas\\login-user-schema.ts": {"path":"D:\\SWdevelop\\workspace\\Project_Workspace\\OenDIHackathon\\openmesh-consensus\\backend\\auth-service\\src\\schemas\\login-user-schema.ts","statementMap":{"0":{"start":{"line":1,"column":0},"end":{"line":1,"column":24}},"1":{"start":{"line":3,"column":13},"end":{"line":23,"column":3}},"2":{"start":{"line":25,"column":13},"end":{"line":27,"column":3}}},"fnMap":{},"branchMap":{},"s":{"0":7,"1":7,"2":7},"f":{},"b":{}}
,"D:\\SWdevelop\\workspace\\Project_Workspace\\OenDIHackathon\\openmesh-consensus\\backend\\auth-service\\src\\schemas\\otp-schema.ts": {"path":"D:\\SWdevelop\\workspace\\Project_Workspace\\OenDIHackathon\\openmesh-consensus\\backend\\auth-service\\src\\schemas\\otp-schema.ts","statementMap":{"0":{"start":{"line":1,"column":0},"end":{"line":1,"column":24}},"1":{"start":{"line":3,"column":13},"end":{"line":7,"column":3}},"2":{"start":{"line":9,"column":13},"end":{"line":16,"column":3}},"3":{"start":{"line":18,"column":13},"end":{"line":59,"column":5}},"4":{"start":{"line":56,"column":20},"end":{"line":56,"column":66}}},"fnMap":{"0":{"name":"(anonymous_0)","decl":{"start":{"line":56,"column":10},"end":{"line":56,"column":11}},"loc":{"start":{"line":56,"column":20},"end":{"line":56,"column":66}}}},"branchMap":{},"s":{"0":7,"1":7,"2":7,"3":7,"4":5},"f":{"0":5},"b":{}}
,"D:\\SWdevelop\\workspace\\Project_Workspace\\OenDIHackathon\\openmesh-consensus\\backend\\auth-service\\src\\schemas\\register-user-schema.ts": {"path":"D:\\SWdevelop\\workspace\\Project_Workspace\\OenDIHackathon\\openmesh-consensus\\backend\\auth-service\\src\\schemas\\register-user-schema.ts","statementMap":{"0":{"start":{"line":1,"column":0},"end":{"line":1,"column":24}},"1":{"start":{"line":3,"column":13},"end":{"line":42,"column":5}},"2":{"start":{"line":39,"column":20},"end":{"line":39,"column":66}},"3":{"start":{"line":44,"column":13},"end":{"line":46,"column":3}}},"fnMap":{"0":{"name":"(anonymous_0)","decl":{"start":{"line":39,"column":10},"end":{"line":39,"column":11}},"loc":{"start":{"line":39,"column":20},"end":{"line":39,"column":66}}}},"branchMap":{},"s":{"0":7,"1":7,"2":24,"3":7},"f":{"0":24},"b":{}}
,"D:\\SWdevelop\\workspace\\Project_Workspace\\OenDIHackathon\\openmesh-consensus\\backend\\auth-service\\src\\services\\password.ts": {"path":"D:\\SWdevelop\\workspace\\Project_Workspace\\OenDIHackathon\\openmesh-consensus\\backend\\auth-service\\src\\services\\password.ts","statementMap":{"0":{"start":{"line":1,"column":0},"end":{"line":1,"column":45}},"1":{"start":{"line":2,"column":0},"end":{"line":2,"column":33}},"2":{"start":{"line":4,"column":20},"end":{"line":4,"column":37}},"3":{"start":{"line":8,"column":17},"end":{"line":8,"column":47}},"4":{"start":{"line":9,"column":20},"end":{"line":9,"column":57}},"5":{"start":{"line":10,"column":4},"end":{"line":10,"column":47}},"6":{"start":{"line":14,"column":41},"end":{"line":14,"column":66}},"7":{"start":{"line":15,"column":20},"end":{"line":15,"column":62}},"8":{"start":{"line":16,"column":4},"end":{"line":16,"column":59}},"9":{"start":{"line":6,"column":0},"end":{"line":6,"column":13}}},"fnMap":{"0":{"name":"(anonymous_7)","decl":{"start":{"line":7,"column":2},"end":{"line":7,"column":8}},"loc":{"start":{"line":7,"column":44},"end":{"line":11,"column":null}}},"1":{"name":"(anonymous_9)","decl":{"start":{"line":13,"column":2},"end":{"line":13,"column":8}},"loc":{"start":{"line":13,"column":68},"end":{"line":17,"column":null}}}},"branchMap":{},"s":{"0":7,"1":7,"2":7,"3":23,"4":23,"5":23,"6":4,"7":4,"8":4,"9":7},"f":{"0":23,"1":4},"b":{}}
,"D:\\SWdevelop\\workspace\\Project_Workspace\\OenDIHackathon\\openmesh-consensus\\backend\\auth-service\\src\\services\\users.ts": {"path":"D:\\SWdevelop\\workspace\\Project_Workspace\\OenDIHackathon\\openmesh-consensus\\backend\\auth-service\\src\\services\\users.ts","statementMap":{"0":{"start":{"line":1,"column":0},"end":{"line":1,"column":38}},"1":{"start":{"line":3,"column":0},"end":{"line":3,"column":62}},"2":{"start":{"line":4,"column":0},"end":{"line":4,"column":58}},"3":{"start":{"line":8,"column":25},"end":{"line":8,"column":69}},"4":{"start":{"line":9,"column":25},"end":{"line":9,"column":47}},"5":{"start":{"line":10,"column":4},"end":{"line":10,"column":24}},"6":{"start":{"line":14,"column":25},"end":{"line":16,"column":6}},"7":{"start":{"line":17,"column":25},"end":{"line":17,"column":47}},"8":{"start":{"line":18,"column":4},"end":{"line":18,"column":24}},"9":{"start":{"line":22,"column":25},"end":{"line":22,"column":65}},"10":{"start":{"line":23,"column":25},"end":{"line":23,"column":47}},"11":{"start":{"line":24,"column":4},"end":{"line":24,"column":24}},"12":{"start":{"line":28,"column":20},"end":{"line":38,"column":6}},"13":{"start":{"line":40,"column":4},"end":{"line":40,"column":32}},"14":{"start":{"line":48,"column":17},"end":{"line":48,"column":61}},"15":{"start":{"line":49,"column":4},"end":{"line":51,"column":5}},"16":{"start":{"line":50,"column":6},"end":{"line":50,"column":54}},"17":{"start":{"line":53,"column":4},"end":{"line":53,"column":27}},"18":{"start":{"line":54,"column":4},"end":{"line":54,"column":22}},"19":{"start":{"line":55,"column":4},"end":{"line":55,"column":16}},"20":{"start":{"line":59,"column":17},"end":{"line":59,"column":71}},"21":{"start":{"line":61,"column":4},"end":{"line":63,"column":5}},"22":{"start":{"line":62,"column":6},"end":{"line":62,"column":54}},"23":{"start":{"line":65,"column":4},"end":{"line":68,"column":6}},"24":{"start":{"line":70,"column":26},"end":{"line":72,"column":6}},"25":{"start":{"line":74,"column":4},"end":{"line":76,"column":5}},"26":{"start":{"line":75,"column":6},"end":{"line":75,"column":61}},"27":{"start":{"line":78,"column":4},"end":{"line":78,"column":34}},"28":{"start":{"line":6,"column":0},"end":{"line":6,"column":13}}},"fnMap":{"0":{"name":"(anonymous_7)","decl":{"start":{"line":7,"column":2},"end":{"line":7,"column":8}},"loc":{"start":{"line":7,"column":47},"end":{"line":11,"column":null}}},"1":{"name":"(anonymous_9)","decl":{"start":{"line":13,"column":2},"end":{"line":13,"column":8}},"loc":{"start":{"line":13,"column":61},"end":{"line":19,"column":null}}},"2":{"name":"(anonymous_11)","decl":{"start":{"line":21,"column":2},"end":{"line":21,"column":8}},"loc":{"start":{"line":21,"column":43},"end":{"line":25,"column":null}}},"3":{"name":"(anonymous_13)","decl":{"start":{"line":27,"column":2},"end":{"line":27,"column":8}},"loc":{"start":{"line":27,"column":66},"end":{"line":41,"column":null}}},"4":{"name":"(anonymous_15)","decl":{"start":{"line":43,"column":2},"end":{"line":43,"column":8}},"loc":{"start":{"line":46,"column":61},"end":{"line":56,"column":null}}},"5":{"name":"(anonymous_17)","decl":{"start":{"line":58,"column":2},"end":{"line":58,"column":8}},"loc":{"start":{"line":58,"column":60},"end":{"line":79,"column":null}}}},"branchMap":{"0":{"loc":{"start":{"line":9,"column":25},"end":{"line":9,"column":47}},"type":"cond-expr","locations":[{"start":{"line":9,"column":37},"end":{"line":9,"column":39}},{"start":{"line":9,"column":25},"end":{"line":9,"column":47}}]},"1":{"loc":{"start":{"line":9,"column":25},"end":{"line":9,"column":39}},"type":"binary-expr","locations":[{"start":{"line":9,"column":25},"end":{"line":9,"column":39}},{"start":{"line":9,"column":25},"end":{"line":9,"column":39}}]},"2":{"loc":{"start":{"line":17,"column":25},"end":{"line":17,"column":47}},"type":"cond-expr","locations":[{"start":{"line":17,"column":37},"end":{"line":17,"column":39}},{"start":{"line":17,"column":25},"end":{"line":17,"column":47}}]},"3":{"loc":{"start":{"line":17,"column":25},"end":{"line":17,"column":39}},"type":"binary-expr","locations":[{"start":{"line":17,"column":25},"end":{"line":17,"column":39}},{"start":{"line":17,"column":25},"end":{"line":17,"column":39}}]},"4":{"loc":{"start":{"line":23,"column":25},"end":{"line":23,"column":47}},"type":"cond-expr","locations":[{"start":{"line":23,"column":37},"end":{"line":23,"column":39}},{"start":{"line":23,"column":25},"end":{"line":23,"column":47}}]},"5":{"loc":{"start":{"line":23,"column":25},"end":{"line":23,"column":39}},"type":"binary-expr","locations":[{"start":{"line":23,"column":25},"end":{"line":23,"column":39}},{"start":{"line":23,"column":25},"end":{"line":23,"column":39}}]},"6":{"loc":{"start":{"line":49,"column":4},"end":{"line":51,"column":5}},"type":"if","locations":[{"start":{"line":49,"column":4},"end":{"line":51,"column":5}}]},"7":{"loc":{"start":{"line":61,"column":4},"end":{"line":63,"column":5}},"type":"if","locations":[{"start":{"line":61,"column":4},"end":{"line":63,"column":5}}]},"8":{"loc":{"start":{"line":66,"column":19},"end":{"line":66,"column":34}},"type":"cond-expr","locations":[{"start":{"line":66,"column":23},"end":{"line":66,"column":25}},{"start":{"line":66,"column":19},"end":{"line":66,"column":34}}]},"9":{"loc":{"start":{"line":66,"column":19},"end":{"line":66,"column":25}},"type":"binary-expr","locations":[{"start":{"line":66,"column":19},"end":{"line":66,"column":25}},{"start":{"line":66,"column":19},"end":{"line":66,"column":25}}]},"10":{"loc":{"start":{"line":71,"column":17},"end":{"line":71,"column":32}},"type":"cond-expr","locations":[{"start":{"line":71,"column":21},"end":{"line":71,"column":23}},{"start":{"line":71,"column":17},"end":{"line":71,"column":32}}]},"11":{"loc":{"start":{"line":71,"column":17},"end":{"line":71,"column":23}},"type":"binary-expr","locations":[{"start":{"line":71,"column":17},"end":{"line":71,"column":23}},{"start":{"line":71,"column":17},"end":{"line":71,"column":23}}]},"12":{"loc":{"start":{"line":74,"column":4},"end":{"line":76,"column":5}},"type":"if","locations":[{"start":{"line":74,"column":4},"end":{"line":76,"column":5}}]}},"s":{"0":7,"1":7,"2":7,"3":33,"4":33,"5":33,"6":3,"7":3,"8":3,"9":0,"10":0,"11":0,"12":15,"13":15,"14":12,"15":12,"16":0,"17":12,"18":12,"19":12,"20":1,"21":1,"22":0,"23":1,"24":1,"25":1,"26":0,"27":1,"28":7},"f":{"0":33,"1":3,"2":0,"3":15,"4":12,"5":1},"b":{"0":[18,15],"1":[33,15],"2":[1,2],"3":[3,2],"4":[0,0],"5":[0,0],"6":[0],"7":[0],"8":[0,1],"9":[1,1],"10":[0,1],"11":[1,1],"12":[0]}}
,"D:\\SWdevelop\\workspace\\Project_Workspace\\OenDIHackathon\\openmesh-consensus\\backend\\auth-service\\src\\utils\\nodemailer.ts": {"path":"D:\\SWdevelop\\workspace\\Project_Workspace\\OenDIHackathon\\openmesh-consensus\\backend\\auth-service\\src\\utils\\nodemailer.ts","statementMap":{"0":{"start":{"line":1,"column":0},"end":{"line":1,"column":36}},"1":{"start":{"line":2,"column":0},"end":{"line":2,"column":23}},"2":{"start":{"line":4,"column":35},"end":{"line":16,"column":2}},"3":{"start":{"line":4,"column":46},"end":{"line":16,"column":2}},"4":{"start":{"line":5,"column":27},"end":{"line":11,"column":4}},"5":{"start":{"line":13,"column":32},"end":{"line":13,"column":76}},"6":{"start":{"line":15,"column":2},"end":{"line":15,"column":31}},"7":{"start":{"line":4,"column":13},"end":{"line":4,"column":35}}},"fnMap":{"0":{"name":"(anonymous_8)","decl":{"start":{"line":4,"column":35},"end":{"line":4,"column":44}},"loc":{"start":{"line":4,"column":46},"end":{"line":16,"column":2}}},"1":{"name":"(anonymous_9)","decl":{"start":{"line":4,"column":46},"end":{"line":4,"column":null}},"loc":{"start":{"line":4,"column":46},"end":{"line":16,"column":1}}}},"branchMap":{},"s":{"0":7,"1":7,"2":7,"3":9,"4":9,"5":9,"6":9,"7":7},"f":{"0":9,"1":9},"b":{}}
,"D:\\SWdevelop\\workspace\\Project_Workspace\\OenDIHackathon\\openmesh-consensus\\backend\\auth-service\\src\\v1\\routes\\authentication-routes.ts": {"path":"D:\\SWdevelop\\workspace\\Project_Workspace\\OenDIHackathon\\openmesh-consensus\\backend\\auth-service\\src\\v1\\routes\\authentication-routes.ts","statementMap":{"0":{"start":{"line":1,"column":0},"end":{"line":1,"column":53}},"1":{"start":{"line":2,"column":0},"end":{"line":2,"column":81}},"2":{"start":{"line":3,"column":0},"end":{"line":3,"column":75}},"3":{"start":{"line":4,"column":0},"end":{"line":4,"column":81}},"4":{"start":{"line":5,"column":0},"end":{"line":5,"column":73}},"5":{"start":{"line":6,"column":0},"end":{"line":6,"column":79}},"6":{"start":{"line":7,"column":0},"end":{"line":7,"column":75}},"7":{"start":{"line":8,"column":0},"end":{"line":8,"column":88}},"8":{"start":{"line":10,"column":15},"end":{"line":10,"column":31}},"9":{"start":{"line":32,"column":19},"end":{"line":32,"column":41}},"10":{"start":{"line":12,"column":0},"end":{"line":16,"column":3}},"11":{"start":{"line":13,"column":2},"end":{"line":15,"column":5}},"12":{"start":{"line":18,"column":0},"end":{"line":18,"column":50}},"13":{"start":{"line":20,"column":0},"end":{"line":20,"column":44}},"14":{"start":{"line":22,"column":0},"end":{"line":22,"column":49}},"15":{"start":{"line":24,"column":0},"end":{"line":24,"column":37}},"16":{"start":{"line":26,"column":0},"end":{"line":26,"column":48}},"17":{"start":{"line":28,"column":0},"end":{"line":28,"column":44}},"18":{"start":{"line":30,"column":0},"end":{"line":30,"column":58}}},"fnMap":{"0":{"name":"(anonymous_1)","decl":{"start":{"line":12,"column":27},"end":{"line":12,"column":28}},"loc":{"start":{"line":12,"column":59},"end":{"line":16,"column":1}}}},"branchMap":{},"s":{"0":7,"1":7,"2":7,"3":7,"4":7,"5":7,"6":7,"7":7,"8":7,"9":7,"10":7,"11":0,"12":7,"13":7,"14":7,"15":7,"16":7,"17":7,"18":7},"f":{"0":0},"b":{}}
}
