TN:
SF:config\allowedOrigins.ts
FNF:0
FNH:0
DA:1,7
DA:8,7
LF:2
LH:2
BRF:0
BRH:0
end_of_record
TN:
SF:config\cors-options.ts
FN:6,(anonymous_0)
FNF:1
FNH:1
FNDA:77,(anonymous_0)
DA:2,7
DA:5,7
DA:7,77
DA:8,77
DA:11,0
DA:17,7
LF:6
LH:5
BRDA:7,0,0,77
BRDA:7,0,1,0
BRDA:7,1,0,77
BRDA:7,1,1,0
BRDA:7,1,2,0
BRF:5
BRH:2
end_of_record
TN:
SF:src\app.ts
FN:26,(anonymous_1)
FNF:1
FNH:0
FNDA:0,(anonymous_1)
DA:1,7
DA:2,7
DA:3,7
DA:4,7
DA:5,7
DA:6,7
DA:8,7
DA:9,7
DA:10,7
DA:12,7
DA:15,7
DA:17,7
DA:18,7
DA:20,7
DA:21,7
DA:22,7
DA:24,7
DA:26,7
DA:27,0
DA:28,0
DA:31,7
DA:33,7
LF:22
LH:20
BRF:0
BRH:0
end_of_record
TN:
SF:src\controllers\generate-otp-controller.ts
FN:12,(anonymous_8)
FN:12,(anonymous_9)
FN:73,(anonymous_10)
FNF:3
FNH:2
FNDA:9,(anonymous_8)
FNDA:9,(anonymous_9)
FNDA:0,(anonymous_10)
DA:2,7
DA:3,7
DA:4,7
DA:5,7
DA:6,7
DA:7,7
DA:8,7
DA:9,7
DA:10,7
DA:12,9
DA:14,9
DA:16,9
DA:18,9
DA:19,4
DA:26,4
DA:29,5
DA:32,5
DA:33,5
DA:34,1
DA:35,1
DA:36,1
DA:40,1
DA:44,4
DA:45,4
DA:46,4
DA:53,4
DA:55,4
DA:56,4
DA:57,4
DA:58,4
DA:61,4
DA:66,4
DA:73,4
DA:74,0
DA:75,0
DA:81,0
DA:83,0
DA:89,0
DA:95,4
DA:101,7
LF:40
LH:35
BRDA:18,0,0,4
BRDA:33,1,0,1
BRDA:74,2,0,0
BRDA:74,2,1,0
BRF:4
BRH:2
end_of_record
TN:
SF:src\controllers\login-user-controller.ts
FN:17,(anonymous_8)
FN:17,(anonymous_9)
FNF:2
FNH:2
FNDA:22,(anonymous_8)
FNDA:22,(anonymous_9)
DA:2,7
DA:3,7
DA:4,7
DA:6,7
DA:10,7
DA:11,7
DA:12,7
DA:13,7
DA:14,7
DA:15,7
DA:17,22
DA:19,22
DA:21,22
DA:22,19
DA:28,19
DA:31,3
DA:34,3
DA:38,3
DA:39,1
DA:40,1
DA:41,1
DA:45,1
DA:49,2
DA:54,2
DA:55,1
DA:56,1
DA:57,1
DA:61,1
DA:64,1
DA:67,1
DA:84,1
DA:100,1
DA:106,1
DA:114,1
DA:118,1
DA:121,7
LF:36
LH:36
BRDA:21,0,0,19
BRDA:38,1,0,1
BRDA:54,2,0,1
BRDA:77,3,0,1
BRDA:77,3,1,0
BRDA:94,4,0,1
BRDA:94,4,1,0
BRDA:110,5,0,1
BRDA:110,5,1,1
BRF:9
BRH:7
end_of_record
TN:
SF:src\controllers\logout-user-controller.ts
FN:7,(anonymous_8)
FN:7,(anonymous_9)
FNF:2
FNH:2
FNDA:3,(anonymous_8)
FNDA:3,(anonymous_9)
DA:2,7
DA:3,7
DA:4,7
DA:5,7
DA:7,7
DA:8,3
DA:10,3
DA:11,1
DA:14,2
DA:17,2
DA:18,2
DA:19,1
DA:23,1
DA:27,1
DA:30,1
DA:37,1
DA:40,7
LF:17
LH:17
BRDA:10,0,0,1
BRDA:10,1,0,0
BRDA:10,1,1,3
BRDA:10,2,0,3
BRDA:10,2,1,3
BRDA:18,3,0,1
BRDA:34,4,0,1
BRDA:34,4,1,1
BRF:8
BRH:7
end_of_record
TN:
SF:src\controllers\refresh-token-controller.ts
FN:9,(anonymous_8)
FN:9,(anonymous_9)
FN:26,(anonymous_10)
FNF:3
FNH:3
FNDA:3,(anonymous_8)
FNDA:3,(anonymous_9)
FNDA:1,(anonymous_10)
DA:2,7
DA:3,7
DA:4,7
DA:5,7
DA:6,7
DA:8,7
DA:9,3
DA:10,3
DA:12,3
DA:13,2
DA:16,1
DA:18,1
DA:19,1
DA:20,0
DA:23,1
DA:27,1
DA:28,0
DA:31,1
DA:33,1
DA:46,1
DA:52,7
LF:21
LH:19
BRDA:12,0,0,2
BRDA:12,1,0,0
BRDA:12,1,1,3
BRDA:12,2,0,3
BRDA:12,2,1,3
BRDA:19,3,0,0
BRDA:27,4,0,0
BRDA:27,5,0,1
BRDA:27,5,1,1
BRF:9
BRH:6
end_of_record
TN:
SF:src\controllers\register-user-controller.ts
FN:15,(anonymous_8)
FN:15,(anonymous_9)
FNF:2
FNH:2
FNDA:31,(anonymous_8)
FNDA:31,(anonymous_9)
DA:2,7
DA:3,7
DA:4,7
DA:9,7
DA:10,7
DA:11,7
DA:12,7
DA:14,7
DA:15,31
DA:17,31
DA:19,31
DA:20,15
DA:26,15
DA:29,16
DA:32,16
DA:34,16
DA:35,1
DA:36,1
DA:37,1
DA:41,1
DA:46,15
DA:49,15
DA:65,15
DA:80,15
DA:82,15
DA:86,15
DA:95,15
DA:99,7
LF:28
LH:28
BRDA:19,0,0,15
BRDA:34,1,0,1
BRDA:58,2,0,15
BRDA:58,2,1,0
BRDA:74,3,0,15
BRDA:74,3,1,0
BRDA:90,4,0,15
BRDA:90,4,1,15
BRF:8
BRH:6
end_of_record
TN:
SF:src\controllers\update-password-controller.ts
FN:12,(anonymous_8)
FN:12,(anonymous_9)
FNF:2
FNH:2
FNDA:6,(anonymous_8)
FNDA:6,(anonymous_9)
DA:2,7
DA:3,7
DA:4,7
DA:5,7
DA:6,7
DA:7,7
DA:8,7
DA:9,7
DA:11,7
DA:12,6
DA:14,6
DA:18,6
DA:19,3
DA:25,3
DA:28,3
DA:31,3
DA:35,3
DA:36,1
DA:37,1
DA:38,1
DA:42,1
DA:46,2
DA:51,2
DA:58,2
DA:75,2
DA:91,2
DA:100,2
DA:104,2
DA:108,7
LF:29
LH:29
BRDA:18,0,0,3
BRDA:35,1,0,1
BRDA:68,2,0,2
BRDA:68,2,1,0
BRDA:85,3,0,2
BRDA:85,3,1,0
BRDA:95,4,0,2
BRDA:95,4,1,2
BRF:8
BRH:6
end_of_record
TN:
SF:src\controllers\verify-otp-controller.ts
FN:11,(anonymous_8)
FN:11,(anonymous_9)
FNF:2
FNH:2
FNDA:3,(anonymous_8)
FNDA:3,(anonymous_9)
DA:2,7
DA:3,7
DA:4,7
DA:5,7
DA:6,7
DA:7,7
DA:8,7
DA:9,7
DA:11,7
DA:13,3
DA:14,3
DA:16,3
DA:17,0
DA:23,0
DA:26,3
DA:29,3
DA:31,3
DA:32,0
DA:33,0
DA:34,0
DA:38,0
DA:41,3
DA:42,3
DA:45,3
DA:46,3
DA:47,1
DA:48,1
DA:49,1
DA:53,1
DA:56,2
DA:61,2
DA:62,1
DA:63,1
DA:64,1
DA:68,1
DA:73,1
DA:75,1
DA:78,7
LF:38
LH:32
BRDA:16,0,0,0
BRDA:31,1,0,0
BRDA:45,2,0,3
BRDA:45,3,0,3
BRDA:45,3,1,3
BRDA:46,4,0,1
BRDA:61,5,0,1
BRF:7
BRH:5
end_of_record
TN:
SF:src\errors\bad-request-error.ts
FN:6,(anonymous_0)
FN:13,(anonymous_1)
FNF:2
FNH:2
FNDA:5,(anonymous_0)
FNDA:5,(anonymous_1)
DA:1,7
DA:3,7
DA:4,5
DA:6,5
DA:7,5
DA:10,5
DA:14,5
LF:7
LH:7
BRF:0
BRH:0
end_of_record
TN:
SF:src\errors\conflict-error.ts
FN:5,(anonymous_0)
FN:12,(anonymous_1)
FNF:2
FNH:2
FNDA:1,(anonymous_0)
FNDA:1,(anonymous_1)
DA:1,7
DA:2,7
DA:3,1
DA:5,1
DA:6,1
DA:9,1
DA:13,1
LF:7
LH:7
BRF:0
BRH:0
end_of_record
TN:
SF:src\errors\custom-error.ts
FN:4,(anonymous_0)
FNF:1
FNH:1
FNDA:52,(anonymous_0)
DA:1,7
DA:5,52
DA:8,52
LF:3
LH:3
BRF:0
BRH:0
end_of_record
TN:
SF:src\errors\not-authorised-error.ts
FN:6,(anonymous_0)
FN:13,(anonymous_1)
FNF:2
FNH:2
FNDA:3,(anonymous_0)
FNDA:3,(anonymous_1)
DA:1,7
DA:3,7
DA:4,3
DA:7,3
DA:10,3
DA:14,3
LF:6
LH:6
BRF:0
BRH:0
end_of_record
TN:
SF:src\errors\not-found-error.ts
FN:6,(anonymous_0)
FN:13,(anonymous_1)
FNF:2
FNH:2
FNDA:2,(anonymous_0)
FNDA:2,(anonymous_1)
DA:1,7
DA:3,7
DA:4,2
DA:6,2
DA:7,2
DA:10,2
DA:14,2
LF:7
LH:7
BRF:0
BRH:0
end_of_record
TN:
SF:src\errors\request-validation-error.ts
FN:6,(anonymous_0)
FN:13,(anonymous_1)
FN:14,(anonymous_2)
FNF:3
FNH:3
FNDA:41,(anonymous_0)
FNDA:41,(anonymous_1)
FNDA:41,(anonymous_2)
DA:2,7
DA:4,7
DA:5,41
DA:6,41
DA:7,41
DA:10,41
DA:14,41
DA:15,41
LF:8
LH:8
BRF:0
BRH:0
end_of_record
TN:
SF:src\middleware\credentials.ts
FN:4,(anonymous_0)
FNF:1
FNH:1
FNDA:77,(anonymous_0)
DA:2,7
DA:4,7
DA:5,77
DA:6,77
DA:7,0
DA:9,77
DA:12,7
LF:7
LH:6
BRDA:6,0,0,0
BRF:1
BRH:0
end_of_record
TN:
SF:src\middleware\error-handlers.ts
FN:4,(anonymous_0)
FNF:1
FNH:1
FNDA:52,(anonymous_0)
DA:2,7
DA:4,7
DA:10,52
DA:11,52
DA:14,0
DA:15,0
LF:6
LH:4
BRDA:10,0,0,52
BRF:1
BRH:1
end_of_record
TN:
SF:src\middleware\log-events.ts
FN:8,(anonymous_14)
FN:8,(anonymous_15)
FN:25,(anonymous_16)
FNF:3
FNH:3
FNDA:125,(anonymous_14)
FNDA:125,(anonymous_15)
FNDA:77,(anonymous_16)
DA:1,7
DA:2,7
DA:4,7
DA:5,7
DA:8,125
DA:9,125
DA:10,125
DA:12,125
DA:13,125
DA:14,0
DA:16,125
DA:21,0
DA:25,7
DA:26,77
DA:27,77
DA:30,7
LF:16
LH:14
BRDA:13,0,0,0
BRF:1
BRH:0
end_of_record
TN:
SF:src\models\user.ts
FN:47,(anonymous_8)
FN:58,(anonymous_10)
FNF:2
FNH:2
FNDA:27,(anonymous_8)
FNDA:15,(anonymous_10)
DA:1,7
DA:2,7
DA:35,7
DA:47,7
DA:48,27
DA:49,17
DA:52,17
DA:54,27
DA:58,7
DA:59,15
DA:62,7
DA:64,7
LF:12
LH:12
BRDA:48,0,0,17
BRF:1
BRH:1
end_of_record
TN:
SF:src\schemas\login-user-schema.ts
FNF:0
FNH:0
DA:1,7
DA:3,7
DA:25,7
LF:3
LH:3
BRF:0
BRH:0
end_of_record
TN:
SF:src\schemas\otp-schema.ts
FN:56,(anonymous_0)
FNF:1
FNH:1
FNDA:5,(anonymous_0)
DA:1,7
DA:3,7
DA:9,7
DA:18,7
DA:56,5
LF:5
LH:5
BRF:0
BRH:0
end_of_record
TN:
SF:src\schemas\register-user-schema.ts
FN:39,(anonymous_0)
FNF:1
FNH:1
FNDA:24,(anonymous_0)
DA:1,7
DA:3,7
DA:39,24
DA:44,7
LF:4
LH:4
BRF:0
BRH:0
end_of_record
TN:
SF:src\services\password.ts
FN:7,(anonymous_7)
FN:13,(anonymous_9)
FNF:2
FNH:2
FNDA:23,(anonymous_7)
FNDA:4,(anonymous_9)
DA:1,7
DA:2,7
DA:4,7
DA:6,7
DA:8,23
DA:9,23
DA:10,23
DA:14,4
DA:15,4
DA:16,4
LF:10
LH:10
BRF:0
BRH:0
end_of_record
TN:
SF:src\services\users.ts
FN:7,(anonymous_7)
FN:13,(anonymous_9)
FN:21,(anonymous_11)
FN:27,(anonymous_13)
FN:43,(anonymous_15)
FN:58,(anonymous_17)
FNF:6
FNH:5
FNDA:33,(anonymous_7)
FNDA:3,(anonymous_9)
FNDA:0,(anonymous_11)
FNDA:15,(anonymous_13)
FNDA:12,(anonymous_15)
FNDA:1,(anonymous_17)
DA:1,7
DA:3,7
DA:4,7
DA:6,7
DA:8,33
DA:9,33
DA:10,33
DA:14,3
DA:17,3
DA:18,3
DA:22,0
DA:23,0
DA:24,0
DA:28,15
DA:40,15
DA:48,12
DA:49,12
DA:50,0
DA:53,12
DA:54,12
DA:55,12
DA:59,1
DA:61,1
DA:62,0
DA:65,1
DA:70,1
DA:74,1
DA:75,0
DA:78,1
LF:29
LH:23
BRDA:9,0,0,18
BRDA:9,0,1,15
BRDA:9,1,0,33
BRDA:9,1,1,15
BRDA:17,2,0,1
BRDA:17,2,1,2
BRDA:17,3,0,3
BRDA:17,3,1,2
BRDA:23,4,0,0
BRDA:23,4,1,0
BRDA:23,5,0,0
BRDA:23,5,1,0
BRDA:49,6,0,0
BRDA:61,7,0,0
BRDA:66,8,0,0
BRDA:66,8,1,1
BRDA:66,9,0,1
BRDA:66,9,1,1
BRDA:71,10,0,0
BRDA:71,10,1,1
BRDA:71,11,0,1
BRDA:71,11,1,1
BRDA:74,12,0,0
BRF:23
BRH:14
end_of_record
TN:
SF:src\utils\nodemailer.ts
FN:4,(anonymous_8)
FN:4,(anonymous_9)
FNF:2
FNH:2
FNDA:9,(anonymous_8)
FNDA:9,(anonymous_9)
DA:1,7
DA:2,7
DA:4,9
DA:5,9
DA:13,9
DA:15,9
LF:6
LH:6
BRF:0
BRH:0
end_of_record
TN:
SF:src\v1\routes\authentication-routes.ts
FN:12,(anonymous_1)
FNF:1
FNH:0
FNDA:0,(anonymous_1)
DA:1,7
DA:2,7
DA:3,7
DA:4,7
DA:5,7
DA:6,7
DA:7,7
DA:8,7
DA:10,7
DA:12,7
DA:13,0
DA:18,7
DA:20,7
DA:22,7
DA:24,7
DA:26,7
DA:28,7
DA:30,7
DA:32,7
LF:19
LH:18
BRF:0
BRH:0
end_of_record
